Started GET "/" for 127.0.0.1 at 2023-12-04 16:13:04 +0100
Processing by Rails::WelcomeController#index as HTML
  Rendering /Users/konstikowarsch/.rvm/gems/ruby-3.1.2/gems/railties-7.0.8/lib/rails/templates/rails/welcome/index.html.erb
  Rendered /Users/konstikowarsch/.rvm/gems/ruby-3.1.2/gems/railties-7.0.8/lib/rails/templates/rails/welcome/index.html.erb (Duration: 0.8ms | Allocations: 636)
Completed 200 OK in 10ms (Views: 2.8ms | ActiveRecord: 0.0ms | Allocations: 7094)


Started GET "/" for 127.0.0.1 at 2023-12-07 09:34:45 +0100
Processing by Rails::WelcomeController#index as HTML
  Rendering /Users/stjep/.rbenv/versions/3.2.2/lib/ruby/gems/3.2.0/gems/railties-7.0.8/lib/rails/templates/rails/welcome/index.html.erb
  Rendered /Users/stjep/.rbenv/versions/3.2.2/lib/ruby/gems/3.2.0/gems/railties-7.0.8/lib/rails/templates/rails/welcome/index.html.erb (Duration: 2.1ms | Allocations: 633)
Completed 200 OK in 19ms (Views: 6.2ms | ActiveRecord: 0.0ms | Allocations: 7355)


Started GET "/rails/info/routes" for 127.0.0.1 at 2023-12-11 09:17:15 +0100
Processing by Rails::InfoController#routes as HTML
  Rendering layout /Users/stjep/.rbenv/versions/3.2.2/lib/ruby/gems/3.2.0/gems/railties-7.0.8/lib/rails/templates/layouts/application.html.erb
  Rendering /Users/stjep/.rbenv/versions/3.2.2/lib/ruby/gems/3.2.0/gems/railties-7.0.8/lib/rails/templates/rails/info/routes.html.erb within layouts/application
  Rendered collection of /Users/stjep/.rbenv/versions/3.2.2/lib/ruby/gems/3.2.0/gems/actionpack-7.0.8/lib/action_dispatch/middleware/templates/routes/_route.html.erb [30 times] (Duration: 7.7ms | Allocations: 5099)
  Rendered /Users/stjep/.rbenv/versions/3.2.2/lib/ruby/gems/3.2.0/gems/actionpack-7.0.8/lib/action_dispatch/middleware/templates/routes/_table.html.erb (Duration: 4.1ms | Allocations: 1369)
  Rendered /Users/stjep/.rbenv/versions/3.2.2/lib/ruby/gems/3.2.0/gems/railties-7.0.8/lib/rails/templates/rails/info/routes.html.erb within layouts/application (Duration: 14.9ms | Allocations: 9787)
  Rendered layout /Users/stjep/.rbenv/versions/3.2.2/lib/ruby/gems/3.2.0/gems/railties-7.0.8/lib/rails/templates/layouts/application.html.erb (Duration: 15.3ms | Allocations: 10077)
Completed 200 OK in 19ms (Views: 16.9ms | ActiveRecord: 0.0ms | Allocations: 11044)


  [1m[35m (0.5ms)[0m  [1m[35mCREATE TABLE "schema_migrations" ("version" varchar NOT NULL PRIMARY KEY)[0m
  [1m[35m (0.4ms)[0m  [1m[35mCREATE TABLE "ar_internal_metadata" ("key" varchar NOT NULL PRIMARY KEY, "value" varchar, "created_at" datetime(6) NOT NULL, "updated_at" datetime(6) NOT NULL)[0m
  [1m[36mActiveRecord::SchemaMigration Pluck (0.1ms)[0m  [1m[34mSELECT "schema_migrations"."version" FROM "schema_migrations" ORDER BY "schema_migrations"."version" ASC[0m
Migrating to CreateInvoices (20231211101240)
  [1m[36mTRANSACTION (0.0ms)[0m  [1m[36mbegin transaction[0m
  [1m[35m (0.3ms)[0m  [1m[35mCREATE TABLE "invoices" ("id" integer PRIMARY KEY AUTOINCREMENT NOT NULL, "invoice_num" integer, "price" decimal, "description" varchar, "customer_name" varchar, "created_at" datetime(6) NOT NULL, "updated_at" datetime(6) NOT NULL)[0m
  [1m[36mActiveRecord::SchemaMigration Create (0.1ms)[0m  [1m[32mINSERT INTO "schema_migrations" ("version") VALUES (?)[0m  [["version", "20231211101240"]]
  [1m[36mTRANSACTION (0.4ms)[0m  [1m[36mcommit transaction[0m
  [1m[36mActiveRecord::InternalMetadata Load (0.1ms)[0m  [1m[34mSELECT "ar_internal_metadata".* FROM "ar_internal_metadata" WHERE "ar_internal_metadata"."key" = ? LIMIT ?[0m  [["key", "environment"], ["LIMIT", 1]]
  [1m[36mTRANSACTION (0.0ms)[0m  [1m[36mbegin transaction[0m
  [1m[36mActiveRecord::InternalMetadata Create (0.2ms)[0m  [1m[32mINSERT INTO "ar_internal_metadata" ("key", "value", "created_at", "updated_at") VALUES (?, ?, ?, ?)[0m  [["key", "environment"], ["value", "development"], ["created_at", "2023-12-11 10:13:04.999398"], ["updated_at", "2023-12-11 10:13:04.999398"]]
  [1m[36mTRANSACTION (0.3ms)[0m  [1m[36mcommit transaction[0m
  [1m[36mActiveRecord::SchemaMigration Pluck (0.0ms)[0m  [1m[34mSELECT "schema_migrations"."version" FROM "schema_migrations" ORDER BY "schema_migrations"."version" ASC[0m
Started GET "/invoices" for 127.0.0.1 at 2023-12-11 11:13:17 +0100
  [1m[36mActiveRecord::SchemaMigration Pluck (0.1ms)[0m  [1m[34mSELECT "schema_migrations"."version" FROM "schema_migrations" ORDER BY "schema_migrations"."version" ASC[0m
  
AbstractController::ActionNotFound (The action 'index' could not be found for InvoicesController):
  
actionpack (7.0.8) lib/abstract_controller/base.rb:146:in `process'
actionview (7.0.8) lib/action_view/rendering.rb:39:in `process'
actionpack (7.0.8) lib/action_controller/metal.rb:188:in `dispatch'
actionpack (7.0.8) lib/action_controller/metal.rb:251:in `dispatch'
actionpack (7.0.8) lib/action_dispatch/routing/route_set.rb:49:in `dispatch'
actionpack (7.0.8) lib/action_dispatch/routing/route_set.rb:32:in `serve'
actionpack (7.0.8) lib/action_dispatch/journey/router.rb:50:in `block in serve'
actionpack (7.0.8) lib/action_dispatch/journey/router.rb:32:in `each'
actionpack (7.0.8) lib/action_dispatch/journey/router.rb:32:in `serve'
actionpack (7.0.8) lib/action_dispatch/routing/route_set.rb:852:in `call'
rack (2.2.8) lib/rack/tempfile_reaper.rb:15:in `call'
rack (2.2.8) lib/rack/etag.rb:27:in `call'
rack (2.2.8) lib/rack/conditional_get.rb:27:in `call'
rack (2.2.8) lib/rack/head.rb:12:in `call'
actionpack (7.0.8) lib/action_dispatch/http/permissions_policy.rb:38:in `call'
actionpack (7.0.8) lib/action_dispatch/http/content_security_policy.rb:36:in `call'
rack (2.2.8) lib/rack/session/abstract/id.rb:266:in `context'
rack (2.2.8) lib/rack/session/abstract/id.rb:260:in `call'
actionpack (7.0.8) lib/action_dispatch/middleware/cookies.rb:704:in `call'
activerecord (7.0.8) lib/active_record/migration.rb:638:in `call'
actionpack (7.0.8) lib/action_dispatch/middleware/callbacks.rb:27:in `block in call'
activesupport (7.0.8) lib/active_support/callbacks.rb:99:in `run_callbacks'
actionpack (7.0.8) lib/action_dispatch/middleware/callbacks.rb:26:in `call'
actionpack (7.0.8) lib/action_dispatch/middleware/executor.rb:14:in `call'
actionpack (7.0.8) lib/action_dispatch/middleware/actionable_exceptions.rb:17:in `call'
actionpack (7.0.8) lib/action_dispatch/middleware/debug_exceptions.rb:28:in `call'
web-console (4.2.1) lib/web_console/middleware.rb:132:in `call_app'
web-console (4.2.1) lib/web_console/middleware.rb:28:in `block in call'
web-console (4.2.1) lib/web_console/middleware.rb:17:in `catch'
web-console (4.2.1) lib/web_console/middleware.rb:17:in `call'
actionpack (7.0.8) lib/action_dispatch/middleware/show_exceptions.rb:29:in `call'
railties (7.0.8) lib/rails/rack/logger.rb:40:in `call_app'
railties (7.0.8) lib/rails/rack/logger.rb:25:in `block in call'
activesupport (7.0.8) lib/active_support/tagged_logging.rb:99:in `block in tagged'
activesupport (7.0.8) lib/active_support/tagged_logging.rb:37:in `tagged'
activesupport (7.0.8) lib/active_support/tagged_logging.rb:99:in `tagged'
railties (7.0.8) lib/rails/rack/logger.rb:25:in `call'
sprockets-rails (3.4.2) lib/sprockets/rails/quiet_assets.rb:13:in `call'
actionpack (7.0.8) lib/action_dispatch/middleware/remote_ip.rb:93:in `call'
actionpack (7.0.8) lib/action_dispatch/middleware/request_id.rb:26:in `call'
rack (2.2.8) lib/rack/method_override.rb:24:in `call'
rack (2.2.8) lib/rack/runtime.rb:22:in `call'
activesupport (7.0.8) lib/active_support/cache/strategy/local_cache_middleware.rb:29:in `call'
actionpack (7.0.8) lib/action_dispatch/middleware/server_timing.rb:61:in `block in call'
actionpack (7.0.8) lib/action_dispatch/middleware/server_timing.rb:26:in `collect_events'
actionpack (7.0.8) lib/action_dispatch/middleware/server_timing.rb:60:in `call'
actionpack (7.0.8) lib/action_dispatch/middleware/executor.rb:14:in `call'
actionpack (7.0.8) lib/action_dispatch/middleware/static.rb:23:in `call'
rack (2.2.8) lib/rack/sendfile.rb:110:in `call'
actionpack (7.0.8) lib/action_dispatch/middleware/host_authorization.rb:138:in `call'
railties (7.0.8) lib/rails/engine.rb:530:in `call'
puma (5.6.5) lib/puma/configuration.rb:252:in `call'
puma (5.6.5) lib/puma/request.rb:77:in `block in handle_request'
puma (5.6.5) lib/puma/thread_pool.rb:340:in `with_force_shutdown'
puma (5.6.5) lib/puma/request.rb:76:in `handle_request'
puma (5.6.5) lib/puma/server.rb:443:in `process_client'
puma (5.6.5) lib/puma/thread_pool.rb:147:in `block in spawn_thread'
Started GET "/invoices" for 127.0.0.1 at 2023-12-11 11:14:14 +0100
Processing by InvoicesController#index as HTML
Completed 500 Internal Server Error in 0ms (ActiveRecord: 0.0ms | Allocations: 492)


  
RuntimeError ():
  
app/controllers/invoices_controller.rb:3:in `index'
Started GET "/invoices" for 127.0.0.1 at 2023-12-11 11:14:23 +0100
Processing by InvoicesController#index as HTML
Completed 406 Not Acceptable in 0ms (ActiveRecord: 0.0ms | Allocations: 661)


  
ActionController::MissingExactTemplate (InvoicesController#index is missing a template for request formats: text/html):
  
actionpack (7.0.8) lib/action_controller/metal/implicit_render.rb:45:in `default_render'
actionpack (7.0.8) lib/action_controller/metal/basic_implicit_render.rb:7:in `send_action'
actionpack (7.0.8) lib/abstract_controller/base.rb:215:in `process_action'
actionpack (7.0.8) lib/action_controller/metal/rendering.rb:165:in `process_action'
actionpack (7.0.8) lib/abstract_controller/callbacks.rb:234:in `block in process_action'
activesupport (7.0.8) lib/active_support/callbacks.rb:118:in `block in run_callbacks'
actiontext (7.0.8) lib/action_text/rendering.rb:20:in `with_renderer'
actiontext (7.0.8) lib/action_text/engine.rb:69:in `block (4 levels) in <class:Engine>'
activesupport (7.0.8) lib/active_support/callbacks.rb:127:in `instance_exec'
activesupport (7.0.8) lib/active_support/callbacks.rb:127:in `block in run_callbacks'
activesupport (7.0.8) lib/active_support/callbacks.rb:138:in `run_callbacks'
actionpack (7.0.8) lib/abstract_controller/callbacks.rb:233:in `process_action'
actionpack (7.0.8) lib/action_controller/metal/rescue.rb:23:in `process_action'
actionpack (7.0.8) lib/action_controller/metal/instrumentation.rb:67:in `block in process_action'
activesupport (7.0.8) lib/active_support/notifications.rb:206:in `block in instrument'
activesupport (7.0.8) lib/active_support/notifications/instrumenter.rb:24:in `instrument'
activesupport (7.0.8) lib/active_support/notifications.rb:206:in `instrument'
actionpack (7.0.8) lib/action_controller/metal/instrumentation.rb:66:in `process_action'
actionpack (7.0.8) lib/action_controller/metal/params_wrapper.rb:259:in `process_action'
activerecord (7.0.8) lib/active_record/railties/controller_runtime.rb:27:in `process_action'
actionpack (7.0.8) lib/abstract_controller/base.rb:151:in `process'
actionview (7.0.8) lib/action_view/rendering.rb:39:in `process'
actionpack (7.0.8) lib/action_controller/metal.rb:188:in `dispatch'
actionpack (7.0.8) lib/action_controller/metal.rb:251:in `dispatch'
actionpack (7.0.8) lib/action_dispatch/routing/route_set.rb:49:in `dispatch'
actionpack (7.0.8) lib/action_dispatch/routing/route_set.rb:32:in `serve'
actionpack (7.0.8) lib/action_dispatch/journey/router.rb:50:in `block in serve'
actionpack (7.0.8) lib/action_dispatch/journey/router.rb:32:in `each'
actionpack (7.0.8) lib/action_dispatch/journey/router.rb:32:in `serve'
actionpack (7.0.8) lib/action_dispatch/routing/route_set.rb:852:in `call'
rack (2.2.8) lib/rack/tempfile_reaper.rb:15:in `call'
rack (2.2.8) lib/rack/etag.rb:27:in `call'
rack (2.2.8) lib/rack/conditional_get.rb:27:in `call'
rack (2.2.8) lib/rack/head.rb:12:in `call'
actionpack (7.0.8) lib/action_dispatch/http/permissions_policy.rb:38:in `call'
actionpack (7.0.8) lib/action_dispatch/http/content_security_policy.rb:36:in `call'
rack (2.2.8) lib/rack/session/abstract/id.rb:266:in `context'
rack (2.2.8) lib/rack/session/abstract/id.rb:260:in `call'
actionpack (7.0.8) lib/action_dispatch/middleware/cookies.rb:704:in `call'
activerecord (7.0.8) lib/active_record/migration.rb:638:in `call'
actionpack (7.0.8) lib/action_dispatch/middleware/callbacks.rb:27:in `block in call'
activesupport (7.0.8) lib/active_support/callbacks.rb:99:in `run_callbacks'
actionpack (7.0.8) lib/action_dispatch/middleware/callbacks.rb:26:in `call'
actionpack (7.0.8) lib/action_dispatch/middleware/executor.rb:14:in `call'
actionpack (7.0.8) lib/action_dispatch/middleware/actionable_exceptions.rb:17:in `call'
actionpack (7.0.8) lib/action_dispatch/middleware/debug_exceptions.rb:28:in `call'
web-console (4.2.1) lib/web_console/middleware.rb:132:in `call_app'
web-console (4.2.1) lib/web_console/middleware.rb:28:in `block in call'
web-console (4.2.1) lib/web_console/middleware.rb:17:in `catch'
web-console (4.2.1) lib/web_console/middleware.rb:17:in `call'
actionpack (7.0.8) lib/action_dispatch/middleware/show_exceptions.rb:29:in `call'
railties (7.0.8) lib/rails/rack/logger.rb:40:in `call_app'
railties (7.0.8) lib/rails/rack/logger.rb:25:in `block in call'
activesupport (7.0.8) lib/active_support/tagged_logging.rb:99:in `block in tagged'
activesupport (7.0.8) lib/active_support/tagged_logging.rb:37:in `tagged'
activesupport (7.0.8) lib/active_support/tagged_logging.rb:99:in `tagged'
railties (7.0.8) lib/rails/rack/logger.rb:25:in `call'
sprockets-rails (3.4.2) lib/sprockets/rails/quiet_assets.rb:13:in `call'
actionpack (7.0.8) lib/action_dispatch/middleware/remote_ip.rb:93:in `call'
actionpack (7.0.8) lib/action_dispatch/middleware/request_id.rb:26:in `call'
rack (2.2.8) lib/rack/method_override.rb:24:in `call'
rack (2.2.8) lib/rack/runtime.rb:22:in `call'
activesupport (7.0.8) lib/active_support/cache/strategy/local_cache_middleware.rb:29:in `call'
actionpack (7.0.8) lib/action_dispatch/middleware/server_timing.rb:61:in `block in call'
actionpack (7.0.8) lib/action_dispatch/middleware/server_timing.rb:26:in `collect_events'
actionpack (7.0.8) lib/action_dispatch/middleware/server_timing.rb:60:in `call'
actionpack (7.0.8) lib/action_dispatch/middleware/executor.rb:14:in `call'
actionpack (7.0.8) lib/action_dispatch/middleware/static.rb:23:in `call'
rack (2.2.8) lib/rack/sendfile.rb:110:in `call'
actionpack (7.0.8) lib/action_dispatch/middleware/host_authorization.rb:138:in `call'
railties (7.0.8) lib/rails/engine.rb:530:in `call'
puma (5.6.5) lib/puma/configuration.rb:252:in `call'
puma (5.6.5) lib/puma/request.rb:77:in `block in handle_request'
puma (5.6.5) lib/puma/thread_pool.rb:340:in `with_force_shutdown'
puma (5.6.5) lib/puma/request.rb:76:in `handle_request'
puma (5.6.5) lib/puma/server.rb:443:in `process_client'
puma (5.6.5) lib/puma/thread_pool.rb:147:in `block in spawn_thread'
Started GET "/invoices" for 127.0.0.1 at 2023-12-11 11:14:55 +0100
Processing by InvoicesController#index as HTML
  Rendering layout layouts/application.html.erb
  Rendering invoices/index.html.erb within layouts/application
  Rendered invoices/index.html.erb within layouts/application (Duration: 0.6ms | Allocations: 108)
  Rendered layout layouts/application.html.erb (Duration: 624.2ms | Allocations: 89322)
Completed 200 OK in 631ms (Views: 628.9ms | ActiveRecord: 0.0ms | Allocations: 90194)


  [1m[36mTRANSACTION (0.1ms)[0m  [1m[36mbegin transaction[0m
  [1m[36mInvoice Create (0.8ms)[0m  [1m[32mINSERT INTO "invoices" ("invoice_num", "price", "description", "customer_name", "created_at", "updated_at") VALUES (?, ?, ?, ?, ?, ?)[0m  [["invoice_num", 1000301], ["price", 50.0], ["description", "First invoice"], ["customer_name", "Makler"], ["created_at", "2023-12-11 10:16:16.230382"], ["updated_at", "2023-12-11 10:16:16.230382"]]
  [1m[36mTRANSACTION (0.8ms)[0m  [1m[36mcommit transaction[0m
Started GET "/invoices" for 127.0.0.1 at 2023-12-11 11:18:52 +0100
Processing by InvoicesController#index as HTML
  Rendering layout layouts/application.html.erb
  Rendering invoices/index.html.erb within layouts/application
  [1m[36mInvoice Load (0.0ms)[0m  [1m[34mSELECT "invoices".* FROM "invoices"[0m
  ↳ app/views/invoices/index.html.erb:3
  Rendered invoices/index.html.erb within layouts/application (Duration: 5.8ms | Allocations: 6256)
  Rendered layout layouts/application.html.erb (Duration: 13.0ms | Allocations: 19547)
Completed 200 OK in 15ms (Views: 13.4ms | ActiveRecord: 0.5ms | Allocations: 21077)


Started GET "/invoices" for 127.0.0.1 at 2023-12-11 11:24:37 +0100
Processing by InvoicesController#index as HTML
  Rendering layout layouts/application.html.erb
  Rendering invoices/index.html.erb within layouts/application
  [1m[36mInvoice Load (0.0ms)[0m  [1m[34mSELECT "invoices".* FROM "invoices"[0m
  ↳ app/views/invoices/index.html.erb:3
  Rendered invoices/index.html.erb within layouts/application (Duration: 2.1ms | Allocations: 725)
  Rendered layout layouts/application.html.erb (Duration: 23.0ms | Allocations: 7310)
Completed 500 Internal Server Error in 24ms (ActiveRecord: 0.3ms | Allocations: 7561)


  
LoadError (cannot load such file -- sassc):
  
app/views/layouts/application.html.erb:9
Started GET "/invoices" for 127.0.0.1 at 2023-12-11 11:26:39 +0100
Processing by InvoicesController#index as HTML
  Rendering layout layouts/application.html.erb
  Rendering invoices/index.html.erb within layouts/application
  [1m[36mInvoice Load (0.1ms)[0m  [1m[34mSELECT "invoices".* FROM "invoices"[0m
  ↳ app/views/invoices/index.html.erb:3
  Rendered invoices/index.html.erb within layouts/application (Duration: 1.0ms | Allocations: 582)
  Rendered layout layouts/application.html.erb (Duration: 11.8ms | Allocations: 7093)
Completed 500 Internal Server Error in 13ms (ActiveRecord: 0.1ms | Allocations: 7339)


  
LoadError (cannot load such file -- sassc):
  
app/views/layouts/application.html.erb:9
Started GET "/invoices" for 127.0.0.1 at 2023-12-11 11:26:43 +0100
Processing by InvoicesController#index as HTML
  Rendering layout layouts/application.html.erb
  Rendering invoices/index.html.erb within layouts/application
  [1m[36mInvoice Load (0.1ms)[0m  [1m[34mSELECT "invoices".* FROM "invoices"[0m
  ↳ app/views/invoices/index.html.erb:3
  Rendered invoices/index.html.erb within layouts/application (Duration: 1.8ms | Allocations: 576)
  Rendered layout layouts/application.html.erb (Duration: 7.2ms | Allocations: 2757)
Completed 500 Internal Server Error in 8ms (ActiveRecord: 0.1ms | Allocations: 2999)


  
LoadError (cannot load such file -- sassc):
  
app/views/layouts/application.html.erb:9
Started GET "/invoices" for 127.0.0.1 at 2023-12-11 11:26:55 +0100
Processing by InvoicesController#index as HTML
  Rendering layout layouts/application.html.erb
  Rendering invoices/index.html.erb within layouts/application
  [1m[36mInvoice Load (0.1ms)[0m  [1m[34mSELECT "invoices".* FROM "invoices"[0m
  ↳ app/views/invoices/index.html.erb:3
  Rendered invoices/index.html.erb within layouts/application (Duration: 1.1ms | Allocations: 576)
  Rendered layout layouts/application.html.erb (Duration: 11.6ms | Allocations: 4290)
Completed 200 OK in 13ms (Views: 12.7ms | ActiveRecord: 0.1ms | Allocations: 4563)


  
ActionController::RoutingError (No route matches [GET] "/assets/bootstrap"):
  
Started GET "/invoices" for 127.0.0.1 at 2023-12-11 11:28:12 +0100
Processing by InvoicesController#index as HTML
  Rendering layout layouts/application.html.erb
  Rendering invoices/index.html.erb within layouts/application
  [1m[36mInvoice Load (0.1ms)[0m  [1m[34mSELECT "invoices".* FROM "invoices"[0m
  ↳ app/views/invoices/index.html.erb:3
  Rendered invoices/index.html.erb within layouts/application (Duration: 1.2ms | Allocations: 576)
  Rendered layout layouts/application.html.erb (Duration: 13.8ms | Allocations: 7090)
Completed 500 Internal Server Error in 15ms (ActiveRecord: 0.1ms | Allocations: 7332)


  
LoadError (cannot load such file -- sassc):
  
app/views/layouts/application.html.erb:9
Started GET "/invoices" for 127.0.0.1 at 2023-12-11 11:29:44 +0100
Processing by InvoicesController#index as HTML
  Rendering layout layouts/application.html.erb
  Rendering invoices/index.html.erb within layouts/application
  [1m[36mInvoice Load (0.1ms)[0m  [1m[34mSELECT "invoices".* FROM "invoices"[0m
  ↳ app/views/invoices/index.html.erb:3
  Rendered invoices/index.html.erb within layouts/application (Duration: 1.5ms | Allocations: 576)
  Rendered layout layouts/application.html.erb (Duration: 16.0ms | Allocations: 7036)
Completed 500 Internal Server Error in 17ms (ActiveRecord: 0.1ms | Allocations: 7278)


  
LoadError (cannot load such file -- sassc):
  
app/views/layouts/application.html.erb:9
Started GET "/invoices" for 127.0.0.1 at 2023-12-11 11:31:02 +0100
Processing by InvoicesController#index as HTML
  Rendering layout layouts/application.html.erb
  Rendering invoices/index.html.erb within layouts/application
  [1m[36mInvoice Load (0.3ms)[0m  [1m[34mSELECT "invoices".* FROM "invoices"[0m
  ↳ app/views/invoices/index.html.erb:3
  Rendered invoices/index.html.erb within layouts/application (Duration: 1.7ms | Allocations: 576)
  Rendered layout layouts/application.html.erb (Duration: 18.7ms | Allocations: 8133)
Completed 500 Internal Server Error in 20ms (ActiveRecord: 0.3ms | Allocations: 8375)


  
LoadError (cannot load such file -- sassc):
  
app/views/layouts/application.html.erb:9
Started GET "/invoices" for 127.0.0.1 at 2023-12-11 11:31:03 +0100
Processing by InvoicesController#index as HTML
  Rendering layout layouts/application.html.erb
  Rendering invoices/index.html.erb within layouts/application
  [1m[36mInvoice Load (0.2ms)[0m  [1m[34mSELECT "invoices".* FROM "invoices"[0m
  ↳ app/views/invoices/index.html.erb:3
  Rendered invoices/index.html.erb within layouts/application (Duration: 2.9ms | Allocations: 581)
  Rendered layout layouts/application.html.erb (Duration: 7.2ms | Allocations: 3060)
Completed 500 Internal Server Error in 8ms (ActiveRecord: 0.2ms | Allocations: 3306)


  
LoadError (cannot load such file -- sassc):
  
app/views/layouts/application.html.erb:9
Started GET "/invoices" for 127.0.0.1 at 2023-12-11 11:31:04 +0100
Processing by InvoicesController#index as HTML
  Rendering layout layouts/application.html.erb
  Rendering invoices/index.html.erb within layouts/application
  [1m[36mInvoice Load (0.3ms)[0m  [1m[34mSELECT "invoices".* FROM "invoices"[0m
  ↳ app/views/invoices/index.html.erb:3
  Rendered invoices/index.html.erb within layouts/application (Duration: 2.9ms | Allocations: 576)
  Rendered layout layouts/application.html.erb (Duration: 11.4ms | Allocations: 3037)
Completed 500 Internal Server Error in 14ms (ActiveRecord: 0.3ms | Allocations: 3279)


  
LoadError (cannot load such file -- sassc):
  
app/views/layouts/application.html.erb:9
Started GET "/invoices" for 127.0.0.1 at 2023-12-11 11:31:04 +0100
Processing by InvoicesController#index as HTML
  Rendering layout layouts/application.html.erb
  Rendering invoices/index.html.erb within layouts/application
  [1m[36mInvoice Load (0.2ms)[0m  [1m[34mSELECT "invoices".* FROM "invoices"[0m
  ↳ app/views/invoices/index.html.erb:3
  Rendered invoices/index.html.erb within layouts/application (Duration: 1.5ms | Allocations: 576)
  Rendered layout layouts/application.html.erb (Duration: 7.1ms | Allocations: 3037)
Completed 500 Internal Server Error in 9ms (ActiveRecord: 0.2ms | Allocations: 3279)


  
LoadError (cannot load such file -- sassc):
  
app/views/layouts/application.html.erb:9
Started GET "/invoices" for 127.0.0.1 at 2023-12-11 11:31:05 +0100
Processing by InvoicesController#index as HTML
  Rendering layout layouts/application.html.erb
  Rendering invoices/index.html.erb within layouts/application
  [1m[36mInvoice Load (0.1ms)[0m  [1m[34mSELECT "invoices".* FROM "invoices"[0m
  ↳ app/views/invoices/index.html.erb:3
  Rendered invoices/index.html.erb within layouts/application (Duration: 1.4ms | Allocations: 576)
  Rendered layout layouts/application.html.erb (Duration: 5.3ms | Allocations: 3037)
Completed 500 Internal Server Error in 7ms (ActiveRecord: 0.1ms | Allocations: 3279)


  
LoadError (cannot load such file -- sassc):
  
app/views/layouts/application.html.erb:9
Started GET "/invoices" for 127.0.0.1 at 2023-12-11 11:31:06 +0100
Processing by InvoicesController#index as HTML
  Rendering layout layouts/application.html.erb
  Rendering invoices/index.html.erb within layouts/application
  [1m[36mInvoice Load (0.5ms)[0m  [1m[34mSELECT "invoices".* FROM "invoices"[0m
  ↳ app/views/invoices/index.html.erb:3
  Rendered invoices/index.html.erb within layouts/application (Duration: 2.8ms | Allocations: 576)
  Rendered layout layouts/application.html.erb (Duration: 8.3ms | Allocations: 3037)
Completed 500 Internal Server Error in 13ms (ActiveRecord: 0.5ms | Allocations: 3279)


  
LoadError (cannot load such file -- sassc):
  
app/views/layouts/application.html.erb:9
Started GET "/invoices" for 127.0.0.1 at 2023-12-11 11:31:06 +0100
Processing by InvoicesController#index as HTML
  Rendering layout layouts/application.html.erb
  Rendering invoices/index.html.erb within layouts/application
  [1m[36mInvoice Load (0.1ms)[0m  [1m[34mSELECT "invoices".* FROM "invoices"[0m
  ↳ app/views/invoices/index.html.erb:3
  Rendered invoices/index.html.erb within layouts/application (Duration: 0.6ms | Allocations: 576)
  Rendered layout layouts/application.html.erb (Duration: 3.0ms | Allocations: 3037)
Completed 500 Internal Server Error in 3ms (ActiveRecord: 0.1ms | Allocations: 3279)


  
LoadError (cannot load such file -- sassc):
  
app/views/layouts/application.html.erb:9
Started GET "/invoices" for 127.0.0.1 at 2023-12-11 11:31:06 +0100
Processing by InvoicesController#index as HTML
  Rendering layout layouts/application.html.erb
  Rendering invoices/index.html.erb within layouts/application
  [1m[36mInvoice Load (0.1ms)[0m  [1m[34mSELECT "invoices".* FROM "invoices"[0m
  ↳ app/views/invoices/index.html.erb:3
  Rendered invoices/index.html.erb within layouts/application (Duration: 0.5ms | Allocations: 576)
  Rendered layout layouts/application.html.erb (Duration: 2.5ms | Allocations: 3037)
Completed 500 Internal Server Error in 3ms (ActiveRecord: 0.1ms | Allocations: 3279)


  
LoadError (cannot load such file -- sassc):
  
app/views/layouts/application.html.erb:9
Started GET "/invoices" for 127.0.0.1 at 2023-12-11 11:31:06 +0100
Processing by InvoicesController#index as HTML
  Rendering layout layouts/application.html.erb
  Rendering invoices/index.html.erb within layouts/application
  [1m[36mInvoice Load (0.0ms)[0m  [1m[34mSELECT "invoices".* FROM "invoices"[0m
  ↳ app/views/invoices/index.html.erb:3
  Rendered invoices/index.html.erb within layouts/application (Duration: 1.0ms | Allocations: 1334)
  Rendered layout layouts/application.html.erb (Duration: 4.2ms | Allocations: 7852)
Completed 500 Internal Server Error in 5ms (ActiveRecord: 0.2ms | Allocations: 8906)


  
LoadError (cannot load such file -- sassc):
  
app/views/layouts/application.html.erb:9
Started GET "/invoices" for 127.0.0.1 at 2023-12-11 11:31:07 +0100
Processing by InvoicesController#index as HTML
  Rendering layout layouts/application.html.erb
  Rendering invoices/index.html.erb within layouts/application
  [1m[36mInvoice Load (0.0ms)[0m  [1m[34mSELECT "invoices".* FROM "invoices"[0m
  ↳ app/views/invoices/index.html.erb:3
  Rendered invoices/index.html.erb within layouts/application (Duration: 1.7ms | Allocations: 770)
  Rendered layout layouts/application.html.erb (Duration: 6.3ms | Allocations: 9409)
Completed 500 Internal Server Error in 11ms (ActiveRecord: 0.2ms | Allocations: 18032)


  
LoadError (cannot load such file -- sassc):
  
app/views/layouts/application.html.erb:9
Started GET "/invoices" for 127.0.0.1 at 2023-12-11 11:34:23 +0100
Processing by InvoicesController#index as HTML
  Rendering layout layouts/application.html.erb
  Rendering invoices/index.html.erb within layouts/application
  [1m[36mInvoice Load (0.1ms)[0m  [1m[34mSELECT "invoices".* FROM "invoices"[0m
  ↳ app/views/invoices/index.html.erb:3
  Rendered invoices/index.html.erb within layouts/application (Duration: 1.1ms | Allocations: 576)
  Rendered layout layouts/application.html.erb (Duration: 14.4ms | Allocations: 7355)
Completed 500 Internal Server Error in 15ms (ActiveRecord: 0.1ms | Allocations: 7597)


  
LoadError (cannot load such file -- sassc):
  
app/views/layouts/application.html.erb:9
Started GET "/invoices" for 127.0.0.1 at 2023-12-11 11:34:25 +0100
Processing by InvoicesController#index as HTML
  Rendering layout layouts/application.html.erb
  Rendering invoices/index.html.erb within layouts/application
  [1m[36mInvoice Load (0.2ms)[0m  [1m[34mSELECT "invoices".* FROM "invoices"[0m
  ↳ app/views/invoices/index.html.erb:3
  Rendered invoices/index.html.erb within layouts/application (Duration: 1.9ms | Allocations: 576)
  Rendered layout layouts/application.html.erb (Duration: 6.8ms | Allocations: 3038)
Completed 500 Internal Server Error in 10ms (ActiveRecord: 0.2ms | Allocations: 3280)


  
LoadError (cannot load such file -- sassc):
  
app/views/layouts/application.html.erb:9
Started GET "/invoices" for 127.0.0.1 at 2023-12-11 11:34:25 +0100
Processing by InvoicesController#index as HTML
  Rendering layout layouts/application.html.erb
  Rendering invoices/index.html.erb within layouts/application
  [1m[36mInvoice Load (0.1ms)[0m  [1m[34mSELECT "invoices".* FROM "invoices"[0m
  ↳ app/views/invoices/index.html.erb:3
  Rendered invoices/index.html.erb within layouts/application (Duration: 1.1ms | Allocations: 576)
  Rendered layout layouts/application.html.erb (Duration: 7.8ms | Allocations: 3038)
Completed 500 Internal Server Error in 9ms (ActiveRecord: 0.1ms | Allocations: 3280)


  
LoadError (cannot load such file -- sassc):
  
app/views/layouts/application.html.erb:9
Started GET "/invoices" for 127.0.0.1 at 2023-12-11 11:34:26 +0100
Processing by InvoicesController#index as HTML
  Rendering layout layouts/application.html.erb
  Rendering invoices/index.html.erb within layouts/application
  [1m[36mInvoice Load (0.1ms)[0m  [1m[34mSELECT "invoices".* FROM "invoices"[0m
  ↳ app/views/invoices/index.html.erb:3
  Rendered invoices/index.html.erb within layouts/application (Duration: 0.6ms | Allocations: 576)
  Rendered layout layouts/application.html.erb (Duration: 2.7ms | Allocations: 3038)
Completed 500 Internal Server Error in 3ms (ActiveRecord: 0.1ms | Allocations: 3280)


  
LoadError (cannot load such file -- sassc):
  
app/views/layouts/application.html.erb:9
Started GET "/invoices" for 127.0.0.1 at 2023-12-11 11:34:26 +0100
Processing by InvoicesController#index as HTML
  Rendering layout layouts/application.html.erb
  Rendering invoices/index.html.erb within layouts/application
  [1m[36mInvoice Load (0.1ms)[0m  [1m[34mSELECT "invoices".* FROM "invoices"[0m
  ↳ app/views/invoices/index.html.erb:3
  Rendered invoices/index.html.erb within layouts/application (Duration: 0.6ms | Allocations: 576)
  Rendered layout layouts/application.html.erb (Duration: 3.0ms | Allocations: 3038)
Completed 500 Internal Server Error in 3ms (ActiveRecord: 0.1ms | Allocations: 3280)


  
LoadError (cannot load such file -- sassc):
  
app/views/layouts/application.html.erb:9
Started GET "/invoices" for 127.0.0.1 at 2023-12-11 11:34:26 +0100
Processing by InvoicesController#index as HTML
  Rendering layout layouts/application.html.erb
  Rendering invoices/index.html.erb within layouts/application
  [1m[36mInvoice Load (0.1ms)[0m  [1m[34mSELECT "invoices".* FROM "invoices"[0m
  ↳ app/views/invoices/index.html.erb:3
  Rendered invoices/index.html.erb within layouts/application (Duration: 0.5ms | Allocations: 576)
  Rendered layout layouts/application.html.erb (Duration: 2.8ms | Allocations: 3038)
Completed 500 Internal Server Error in 3ms (ActiveRecord: 0.1ms | Allocations: 3280)


  
LoadError (cannot load such file -- sassc):
  
app/views/layouts/application.html.erb:9
Started GET "/invoices" for 127.0.0.1 at 2023-12-11 11:34:27 +0100
Processing by InvoicesController#index as HTML
  Rendering layout layouts/application.html.erb
  Rendering invoices/index.html.erb within layouts/application
  [1m[36mInvoice Load (0.1ms)[0m  [1m[34mSELECT "invoices".* FROM "invoices"[0m
  ↳ app/views/invoices/index.html.erb:3
  Rendered invoices/index.html.erb within layouts/application (Duration: 0.6ms | Allocations: 576)
  Rendered layout layouts/application.html.erb (Duration: 2.9ms | Allocations: 3038)
Completed 500 Internal Server Error in 4ms (ActiveRecord: 0.1ms | Allocations: 3280)


  
LoadError (cannot load such file -- sassc):
  
app/views/layouts/application.html.erb:9
Started GET "/invoices" for 127.0.0.1 at 2023-12-11 11:34:27 +0100
Processing by InvoicesController#index as HTML
  Rendering layout layouts/application.html.erb
  Rendering invoices/index.html.erb within layouts/application
  [1m[36mInvoice Load (0.1ms)[0m  [1m[34mSELECT "invoices".* FROM "invoices"[0m
  ↳ app/views/invoices/index.html.erb:3
  Rendered invoices/index.html.erb within layouts/application (Duration: 0.5ms | Allocations: 576)
  Rendered layout layouts/application.html.erb (Duration: 2.7ms | Allocations: 3038)
Completed 500 Internal Server Error in 3ms (ActiveRecord: 0.1ms | Allocations: 3280)


  
LoadError (cannot load such file -- sassc):
  
app/views/layouts/application.html.erb:9
Started GET "/invoices" for 127.0.0.1 at 2023-12-11 11:34:27 +0100
Processing by InvoicesController#index as HTML
  Rendering layout layouts/application.html.erb
  Rendering invoices/index.html.erb within layouts/application
  [1m[36mInvoice Load (0.1ms)[0m  [1m[34mSELECT "invoices".* FROM "invoices"[0m
  ↳ app/views/invoices/index.html.erb:3
  Rendered invoices/index.html.erb within layouts/application (Duration: 0.7ms | Allocations: 576)
  Rendered layout layouts/application.html.erb (Duration: 2.8ms | Allocations: 3038)
Completed 500 Internal Server Error in 3ms (ActiveRecord: 0.1ms | Allocations: 3280)


  
LoadError (cannot load such file -- sassc):
  
app/views/layouts/application.html.erb:9
Started GET "/invoices" for 127.0.0.1 at 2023-12-11 11:34:28 +0100
Processing by InvoicesController#index as HTML
  Rendering layout layouts/application.html.erb
  Rendering invoices/index.html.erb within layouts/application
  [1m[36mInvoice Load (0.1ms)[0m  [1m[34mSELECT "invoices".* FROM "invoices"[0m
  ↳ app/views/invoices/index.html.erb:3
  Rendered invoices/index.html.erb within layouts/application (Duration: 0.8ms | Allocations: 576)
  Rendered layout layouts/application.html.erb (Duration: 3.1ms | Allocations: 3038)
Completed 500 Internal Server Error in 4ms (ActiveRecord: 0.1ms | Allocations: 3280)


  
LoadError (cannot load such file -- sassc):
  
app/views/layouts/application.html.erb:9
Started GET "/invoices" for 127.0.0.1 at 2023-12-11 11:34:28 +0100
Processing by InvoicesController#index as HTML
  Rendering layout layouts/application.html.erb
  Rendering invoices/index.html.erb within layouts/application
  [1m[36mInvoice Load (0.1ms)[0m  [1m[34mSELECT "invoices".* FROM "invoices"[0m
  ↳ app/views/invoices/index.html.erb:3
  Rendered invoices/index.html.erb within layouts/application (Duration: 0.5ms | Allocations: 576)
  Rendered layout layouts/application.html.erb (Duration: 2.8ms | Allocations: 3038)
Completed 500 Internal Server Error in 3ms (ActiveRecord: 0.1ms | Allocations: 3280)


  
LoadError (cannot load such file -- sassc):
  
app/views/layouts/application.html.erb:9
Started GET "/invoices" for 127.0.0.1 at 2023-12-11 11:34:28 +0100
Processing by InvoicesController#index as HTML
  Rendering layout layouts/application.html.erb
  Rendering invoices/index.html.erb within layouts/application
  [1m[36mInvoice Load (0.1ms)[0m  [1m[34mSELECT "invoices".* FROM "invoices"[0m
  ↳ app/views/invoices/index.html.erb:3
  Rendered invoices/index.html.erb within layouts/application (Duration: 0.5ms | Allocations: 576)
  Rendered layout layouts/application.html.erb (Duration: 2.6ms | Allocations: 3038)
Completed 500 Internal Server Error in 3ms (ActiveRecord: 0.1ms | Allocations: 3280)


  
LoadError (cannot load such file -- sassc):
  
app/views/layouts/application.html.erb:9
Started GET "/invoices" for 127.0.0.1 at 2023-12-11 11:34:29 +0100
Processing by InvoicesController#index as HTML
  Rendering layout layouts/application.html.erb
  Rendering invoices/index.html.erb within layouts/application
  [1m[36mInvoice Load (0.1ms)[0m  [1m[34mSELECT "invoices".* FROM "invoices"[0m
  ↳ app/views/invoices/index.html.erb:3
  Rendered invoices/index.html.erb within layouts/application (Duration: 0.5ms | Allocations: 576)
  Rendered layout layouts/application.html.erb (Duration: 2.7ms | Allocations: 3038)
Completed 500 Internal Server Error in 3ms (ActiveRecord: 0.1ms | Allocations: 3280)


  
LoadError (cannot load such file -- sassc):
  
app/views/layouts/application.html.erb:9
Started GET "/invoices" for 127.0.0.1 at 2023-12-11 11:34:29 +0100
Processing by InvoicesController#index as HTML
  Rendering layout layouts/application.html.erb
  Rendering invoices/index.html.erb within layouts/application
  [1m[36mInvoice Load (0.1ms)[0m  [1m[34mSELECT "invoices".* FROM "invoices"[0m
  ↳ app/views/invoices/index.html.erb:3
  Rendered invoices/index.html.erb within layouts/application (Duration: 0.7ms | Allocations: 1267)
  Rendered layout layouts/application.html.erb (Duration: 4.5ms | Allocations: 7792)
Completed 500 Internal Server Error in 5ms (ActiveRecord: 0.1ms | Allocations: 9311)


  
LoadError (cannot load such file -- sassc):
  
app/views/layouts/application.html.erb:9
Started GET "/invoices" for 127.0.0.1 at 2023-12-11 11:34:29 +0100
Processing by InvoicesController#index as HTML
  Rendering layout layouts/application.html.erb
  Rendering invoices/index.html.erb within layouts/application
  [1m[36mInvoice Load (0.1ms)[0m  [1m[34mSELECT "invoices".* FROM "invoices"[0m
  ↳ app/views/invoices/index.html.erb:3
  Rendered invoices/index.html.erb within layouts/application (Duration: 0.7ms | Allocations: 576)
  Rendered layout layouts/application.html.erb (Duration: 3.1ms | Allocations: 4040)
Completed 500 Internal Server Error in 4ms (ActiveRecord: 0.1ms | Allocations: 8275)


  
LoadError (cannot load such file -- sassc):
  
app/views/layouts/application.html.erb:9
Started GET "/invoices" for 127.0.0.1 at 2023-12-11 11:34:29 +0100
Processing by InvoicesController#index as HTML
  Rendering layout layouts/application.html.erb
  Rendering invoices/index.html.erb within layouts/application
  [1m[36mInvoice Load (0.1ms)[0m  [1m[34mSELECT "invoices".* FROM "invoices"[0m
Started GET "/invoices" for 127.0.0.1 at 2023-12-11 11:34:29 +0100
  ↳ app/views/invoices/index.html.erb:3
  Rendered invoices/index.html.erb within layouts/application (Duration: 1.2ms | Allocations: 1359)
  Rendered layout layouts/application.html.erb (Duration: 4.0ms | Allocations: 4520)
Completed 500 Internal Server Error in 4ms (ActiveRecord: 0.1ms | Allocations: 4853)


  
LoadError (cannot load such file -- sassc):
  
app/views/layouts/application.html.erb:9
Processing by InvoicesController#index as HTML
  Rendering layout layouts/application.html.erb
  Rendering invoices/index.html.erb within layouts/application
  [1m[36mInvoice Load (0.0ms)[0m  [1m[34mSELECT "invoices".* FROM "invoices"[0m
  ↳ app/views/invoices/index.html.erb:3
  Rendered invoices/index.html.erb within layouts/application (Duration: 0.8ms | Allocations: 725)
  Rendered layout layouts/application.html.erb (Duration: 5.4ms | Allocations: 9466)
Completed 500 Internal Server Error in 11ms (ActiveRecord: 0.2ms | Allocations: 21753)


  
LoadError (cannot load such file -- sassc):
  
app/views/layouts/application.html.erb:9
Started GET "/invoices" for 127.0.0.1 at 2023-12-11 11:34:30 +0100
Started GET "/invoices" for 127.0.0.1 at 2023-12-11 11:34:30 +0100
Processing by InvoicesController#index as HTML
  Rendering layout layouts/application.html.erb
  Rendering invoices/index.html.erb within layouts/application
  [1m[36mInvoice Load (0.1ms)[0m  [1m[34mSELECT "invoices".* FROM "invoices"[0m
  ↳ app/views/invoices/index.html.erb:3
  Rendered invoices/index.html.erb within layouts/application (Duration: 0.5ms | Allocations: 576)
  Rendered layout layouts/application.html.erb (Duration: 3.1ms | Allocations: 4420)
Completed 500 Internal Server Error in 5ms (ActiveRecord: 0.1ms | Allocations: 9434)


  
LoadError (cannot load such file -- sassc):
  
app/views/layouts/application.html.erb:9
Started GET "/invoices" for 127.0.0.1 at 2023-12-11 11:34:30 +0100
Processing by InvoicesController#index as HTML
  Rendering layout layouts/application.html.erb
  Rendering invoices/index.html.erb within layouts/application
  [1m[36mInvoice Load (0.1ms)[0m  [1m[34mSELECT "invoices".* FROM "invoices"[0m
  ↳ app/views/invoices/index.html.erb:3
  Rendered invoices/index.html.erb within layouts/application (Duration: 0.6ms | Allocations: 576)
  Rendered layout layouts/application.html.erb (Duration: 8.6ms | Allocations: 16715)
Completed 500 Internal Server Error in 12ms (ActiveRecord: 0.1ms | Allocations: 20816)


  
LoadError (cannot load such file -- sassc):
  
app/views/layouts/application.html.erb:9
Processing by InvoicesController#index as HTML
  Rendering layout layouts/application.html.erb
  Rendering invoices/index.html.erb within layouts/application
  [1m[36mInvoice Load (0.0ms)[0m  [1m[34mSELECT "invoices".* FROM "invoices"[0m
  ↳ app/views/invoices/index.html.erb:3
  Rendered invoices/index.html.erb within layouts/application (Duration: 1.7ms | Allocations: 1730)
  Rendered layout layouts/application.html.erb (Duration: 8.1ms | Allocations: 18026)
Completed 500 Internal Server Error in 9ms (ActiveRecord: 0.2ms | Allocations: 19071)


  
LoadError (cannot load such file -- sassc):
  
app/views/layouts/application.html.erb:9
Started GET "/invoices" for 127.0.0.1 at 2023-12-11 11:34:31 +0100
Processing by InvoicesController#index as HTML
  Rendering layout layouts/application.html.erb
  Rendering invoices/index.html.erb within layouts/application
  [1m[36mInvoice Load (0.1ms)[0m  [1m[34mSELECT "invoices".* FROM "invoices"[0m
  ↳ app/views/invoices/index.html.erb:3
  Rendered invoices/index.html.erb within layouts/application (Duration: 0.7ms | Allocations: 1103)
  Rendered layout layouts/application.html.erb (Duration: 8.7ms | Allocations: 19225)
Completed 500 Internal Server Error in 10ms (ActiveRecord: 0.1ms | Allocations: 21683)


  
LoadError (cannot load such file -- sassc):
  
app/views/layouts/application.html.erb:9
Started GET "/invoices" for 127.0.0.1 at 2023-12-11 11:34:31 +0100
Started GET "/invoices" for 127.0.0.1 at 2023-12-11 11:34:31 +0100
Processing by InvoicesController#index as HTML
  Rendering layout layouts/application.html.erb
  Rendering invoices/index.html.erb within layouts/application
  [1m[36mInvoice Load (0.1ms)[0m  [1m[34mSELECT "invoices".* FROM "invoices"[0m
  ↳ app/views/invoices/index.html.erb:3
  Rendered invoices/index.html.erb within layouts/application (Duration: 1.6ms | Allocations: 1475)
  Rendered layout layouts/application.html.erb (Duration: 7.8ms | Allocations: 11560)
Completed 500 Internal Server Error in 12ms (ActiveRecord: 0.1ms | Allocations: 19266)


  
LoadError (cannot load such file -- sassc):
  
app/views/layouts/application.html.erb:9
Processing by InvoicesController#index as HTML
  Rendering layout layouts/application.html.erb
  Rendering invoices/index.html.erb within layouts/application
  [1m[36mInvoice Load (0.0ms)[0m  [1m[34mSELECT "invoices".* FROM "invoices"[0m
  ↳ app/views/invoices/index.html.erb:3
  Rendered invoices/index.html.erb within layouts/application (Duration: 0.8ms | Allocations: 966)
Started GET "/invoices" for 127.0.0.1 at 2023-12-11 11:34:31 +0100
  Rendered layout layouts/application.html.erb (Duration: 4.0ms | Allocations: 8536)
Completed 500 Internal Server Error in 5ms (ActiveRecord: 0.0ms | Allocations: 10304)


  
LoadError (cannot load such file -- sassc):
  
app/views/layouts/application.html.erb:9
Started GET "/invoices" for 127.0.0.1 at 2023-12-11 11:34:32 +0100
Processing by InvoicesController#index as HTML
  Rendering layout layouts/application.html.erb
  Rendering invoices/index.html.erb within layouts/application
  [1m[36mInvoice Load (0.0ms)[0m  [1m[34mSELECT "invoices".* FROM "invoices"[0m
  ↳ app/views/invoices/index.html.erb:3
  Rendered invoices/index.html.erb within layouts/application (Duration: 1.3ms | Allocations: 1560)
  Rendered layout layouts/application.html.erb (Duration: 11.6ms | Allocations: 18734)
Completed 500 Internal Server Error in 13ms (ActiveRecord: 0.0ms | Allocations: 21907)


  
LoadError (cannot load such file -- sassc):
  
app/views/layouts/application.html.erb:9
Processing by InvoicesController#index as HTML
  Rendering layout layouts/application.html.erb
  Rendering invoices/index.html.erb within layouts/application
  [1m[36mInvoice Load (0.1ms)[0m  [1m[34mSELECT "invoices".* FROM "invoices"[0m
  ↳ app/views/invoices/index.html.erb:3
  Rendered invoices/index.html.erb within layouts/application (Duration: 0.5ms | Allocations: 576)
  Rendered layout layouts/application.html.erb (Duration: 5.0ms | Allocations: 11524)
Completed 500 Internal Server Error in 8ms (ActiveRecord: 0.1ms | Allocations: 21085)


  
LoadError (cannot load such file -- sassc):
  
app/views/layouts/application.html.erb:9
Started GET "/invoices" for 127.0.0.1 at 2023-12-11 11:34:32 +0100
Processing by InvoicesController#index as HTML
  Rendering layout layouts/application.html.erb
  Rendering invoices/index.html.erb within layouts/application
  [1m[36mInvoice Load (0.1ms)[0m  [1m[34mSELECT "invoices".* FROM "invoices"[0m
  ↳ app/views/invoices/index.html.erb:3
  Rendered invoices/index.html.erb within layouts/application (Duration: 0.5ms | Allocations: 576)
  Rendered layout layouts/application.html.erb (Duration: 3.3ms | Allocations: 6606)
Completed 500 Internal Server Error in 4ms (ActiveRecord: 0.1ms | Allocations: 9112)


  
LoadError (cannot load such file -- sassc):
  
app/views/layouts/application.html.erb:9
Started GET "/invoices" for 127.0.0.1 at 2023-12-11 11:34:32 +0100
Started GET "/invoices" for 127.0.0.1 at 2023-12-11 11:34:32 +0100
Processing by InvoicesController#index as HTML
  Rendering layout layouts/application.html.erb
  Rendering invoices/index.html.erb within layouts/application
  [1m[36mInvoice Load (0.0ms)[0m  [1m[34mSELECT "invoices".* FROM "invoices"[0m
  ↳ app/views/invoices/index.html.erb:3
  Rendered invoices/index.html.erb within layouts/application (Duration: 0.5ms | Allocations: 576)
  Rendered layout layouts/application.html.erb (Duration: 3.6ms | Allocations: 4938)
Completed 500 Internal Server Error in 4ms (ActiveRecord: 0.0ms | Allocations: 5609)


  
LoadError (cannot load such file -- sassc):
  
app/views/layouts/application.html.erb:9
Processing by InvoicesController#index as HTML
  Rendering layout layouts/application.html.erb
  Rendering invoices/index.html.erb within layouts/application
  [1m[36mInvoice Load (0.0ms)[0m  [1m[34mSELECT "invoices".* FROM "invoices"[0m
  ↳ app/views/invoices/index.html.erb:3
  Rendered invoices/index.html.erb within layouts/application (Duration: 0.6ms | Allocations: 752)
  Rendered layout layouts/application.html.erb (Duration: 3.2ms | Allocations: 4617)
Completed 500 Internal Server Error in 4ms (ActiveRecord: 0.0ms | Allocations: 5821)


  
LoadError (cannot load such file -- sassc):
  
app/views/layouts/application.html.erb:9
Started GET "/invoices" for 127.0.0.1 at 2023-12-11 11:34:33 +0100
Started GET "/invoices" for 127.0.0.1 at 2023-12-11 11:34:33 +0100
Processing by InvoicesController#index as HTML
  Rendering layout layouts/application.html.erb
  Rendering invoices/index.html.erb within layouts/application
  [1m[36mInvoice Load (0.0ms)[0m  [1m[34mSELECT "invoices".* FROM "invoices"[0m
  ↳ app/views/invoices/index.html.erb:3
  Rendered invoices/index.html.erb within layouts/application (Duration: 0.5ms | Allocations: 576)
  Rendered layout layouts/application.html.erb (Duration: 3.0ms | Allocations: 3695)
Completed 500 Internal Server Error in 4ms (ActiveRecord: 0.0ms | Allocations: 8421)


  
LoadError (cannot load such file -- sassc):
  
app/views/layouts/application.html.erb:9
Started GET "/invoices" for 127.0.0.1 at 2023-12-11 11:34:33 +0100
Processing by InvoicesController#index as HTML
  Rendering layout layouts/application.html.erb
  Rendering invoices/index.html.erb within layouts/application
  [1m[36mInvoice Load (0.0ms)[0m  [1m[34mSELECT "invoices".* FROM "invoices"[0m
  ↳ app/views/invoices/index.html.erb:3
  Rendered invoices/index.html.erb within layouts/application (Duration: 1.2ms | Allocations: 1854)
  Rendered layout layouts/application.html.erb (Duration: 4.9ms | Allocations: 8815)
Completed 500 Internal Server Error in 6ms (ActiveRecord: 0.0ms | Allocations: 10486)


  
LoadError (cannot load such file -- sassc):
  
app/views/layouts/application.html.erb:9
Processing by InvoicesController#index as HTML
  Rendering layout layouts/application.html.erb
  Rendering invoices/index.html.erb within layouts/application
  [1m[36mInvoice Load (0.1ms)[0m  [1m[34mSELECT "invoices".* FROM "invoices"[0m
  ↳ app/views/invoices/index.html.erb:3
  Rendered invoices/index.html.erb within layouts/application (Duration: 1.3ms | Allocations: 2498)
  Rendered layout layouts/application.html.erb (Duration: 9.6ms | Allocations: 15369)
Completed 500 Internal Server Error in 13ms (ActiveRecord: 0.1ms | Allocations: 23757)


  
LoadError (cannot load such file -- sassc):
  
app/views/layouts/application.html.erb:9
Started GET "/invoices" for 127.0.0.1 at 2023-12-11 11:34:34 +0100
Processing by InvoicesController#index as HTML
  Rendering layout layouts/application.html.erb
  Rendering invoices/index.html.erb within layouts/application
  [1m[36mInvoice Load (0.0ms)[0m  [1m[34mSELECT "invoices".* FROM "invoices"[0m
  ↳ app/views/invoices/index.html.erb:3
  Rendered invoices/index.html.erb within layouts/application (Duration: 1.4ms | Allocations: 1644)
  Rendered layout layouts/application.html.erb (Duration: 8.9ms | Allocations: 18491)
Completed 500 Internal Server Error in 12ms (ActiveRecord: 0.0ms | Allocations: 21987)


  
LoadError (cannot load such file -- sassc):
  
app/views/layouts/application.html.erb:9
Started GET "/invoices" for 127.0.0.1 at 2023-12-11 11:35:01 +0100
Processing by InvoicesController#index as HTML
  Rendering layout layouts/application.html.erb
  Rendering invoices/index.html.erb within layouts/application
  [1m[36mInvoice Load (0.0ms)[0m  [1m[34mSELECT "invoices".* FROM "invoices"[0m
  ↳ app/views/invoices/index.html.erb:3
  Rendered invoices/index.html.erb within layouts/application (Duration: 2.1ms | Allocations: 2953)
  Rendered layout layouts/application.html.erb (Duration: 12.2ms | Allocations: 17684)
Completed 200 OK in 14ms (Views: 12.5ms | ActiveRecord: 0.3ms | Allocations: 19126)


  
ActionController::RoutingError (No route matches [GET] "/assets/bootstrap"):
  
Started GET "/invoices" for 127.0.0.1 at 2023-12-11 11:35:14 +0100
Processing by InvoicesController#index as HTML
  Rendering layout layouts/application.html.erb
  Rendering invoices/index.html.erb within layouts/application
  [1m[36mInvoice Load (0.1ms)[0m  [1m[34mSELECT "invoices".* FROM "invoices"[0m
  ↳ app/views/invoices/index.html.erb:3
  Rendered invoices/index.html.erb within layouts/application (Duration: 1.3ms | Allocations: 576)
  Rendered layout layouts/application.html.erb (Duration: 7.0ms | Allocations: 2808)
Completed 500 Internal Server Error in 8ms (ActiveRecord: 0.1ms | Allocations: 3057)


  
LoadError (cannot load such file -- sassc):
  
app/views/layouts/application.html.erb:9
Started GET "/invoices" for 127.0.0.1 at 2023-12-11 11:35:16 +0100
Processing by InvoicesController#index as HTML
  Rendering layout layouts/application.html.erb
  Rendering invoices/index.html.erb within layouts/application
  [1m[36mInvoice Load (0.4ms)[0m  [1m[34mSELECT "invoices".* FROM "invoices"[0m
  ↳ app/views/invoices/index.html.erb:3
  Rendered invoices/index.html.erb within layouts/application (Duration: 3.2ms | Allocations: 576)
  Rendered layout layouts/application.html.erb (Duration: 8.0ms | Allocations: 2760)
Completed 500 Internal Server Error in 10ms (ActiveRecord: 0.4ms | Allocations: 3002)


  
LoadError (cannot load such file -- sassc):
  
app/views/layouts/application.html.erb:9
Started GET "/invoices" for 127.0.0.1 at 2023-12-11 11:35:16 +0100
Processing by InvoicesController#index as HTML
  Rendering layout layouts/application.html.erb
  Rendering invoices/index.html.erb within layouts/application
  [1m[36mInvoice Load (0.3ms)[0m  [1m[34mSELECT "invoices".* FROM "invoices"[0m
  ↳ app/views/invoices/index.html.erb:3
  Rendered invoices/index.html.erb within layouts/application (Duration: 4.1ms | Allocations: 576)
  Rendered layout layouts/application.html.erb (Duration: 13.5ms | Allocations: 2760)
Completed 500 Internal Server Error in 17ms (ActiveRecord: 0.3ms | Allocations: 3002)


  
LoadError (cannot load such file -- sassc):
  
app/views/layouts/application.html.erb:9
Started GET "/invoices" for 127.0.0.1 at 2023-12-11 11:35:17 +0100
Processing by InvoicesController#index as HTML
  Rendering layout layouts/application.html.erb
  Rendering invoices/index.html.erb within layouts/application
  [1m[36mInvoice Load (0.1ms)[0m  [1m[34mSELECT "invoices".* FROM "invoices"[0m
  ↳ app/views/invoices/index.html.erb:3
  Rendered invoices/index.html.erb within layouts/application (Duration: 0.9ms | Allocations: 576)
  Rendered layout layouts/application.html.erb (Duration: 3.7ms | Allocations: 2760)
Completed 500 Internal Server Error in 5ms (ActiveRecord: 0.1ms | Allocations: 3002)


  
LoadError (cannot load such file -- sassc):
  
app/views/layouts/application.html.erb:9
Started GET "/invoices" for 127.0.0.1 at 2023-12-11 11:38:44 +0100
  [1m[36mActiveRecord::SchemaMigration Pluck (0.0ms)[0m  [1m[34mSELECT "schema_migrations"."version" FROM "schema_migrations" ORDER BY "schema_migrations"."version" ASC[0m
Processing by InvoicesController#index as HTML
  Rendering layout layouts/application.html.erb
  Rendering invoices/index.html.erb within layouts/application
  [1m[36mInvoice Load (0.1ms)[0m  [1m[34mSELECT "invoices".* FROM "invoices"[0m
  ↳ app/views/invoices/index.html.erb:3
  Rendered invoices/index.html.erb within layouts/application (Duration: 6.4ms | Allocations: 6340)
  Rendered layout layouts/application.html.erb (Duration: 3388.3ms | Allocations: 142961)
Completed 200 OK in 3397ms (Views: 3390.0ms | ActiveRecord: 0.3ms | Allocations: 147509)


Started GET "/invoices" for 127.0.0.1 at 2023-12-11 11:39:21 +0100
Processing by InvoicesController#index as HTML
  Rendering layout layouts/application.html.erb
  Rendering invoices/index.html.erb within layouts/application
  [1m[36mInvoice Load (0.1ms)[0m  [1m[34mSELECT "invoices".* FROM "invoices"[0m
  ↳ app/views/invoices/index.html.erb:3
  Rendered invoices/index.html.erb within layouts/application (Duration: 3.5ms | Allocations: 584)
  Rendered layout layouts/application.html.erb (Duration: 2548.4ms | Allocations: 38056)
Completed 200 OK in 2549ms (Views: 2548.6ms | ActiveRecord: 0.1ms | Allocations: 38333)


Started GET "/invoices" for 127.0.0.1 at 2023-12-11 11:40:27 +0100
Processing by InvoicesController#index as HTML
  Rendering layout layouts/application.html.erb
  Rendering invoices/index.html.erb within layouts/application
  [1m[36mInvoice Load (0.1ms)[0m  [1m[34mSELECT "invoices".* FROM "invoices"[0m
  ↳ app/views/invoices/index.html.erb:3
  Rendered invoices/index.html.erb within layouts/application (Duration: 1.0ms | Allocations: 785)
  Rendered layout layouts/application.html.erb (Duration: 9.2ms | Allocations: 6879)
Completed 200 OK in 16ms (Views: 15.1ms | ActiveRecord: 0.1ms | Allocations: 7707)


